2020-06-02 19:18:02,119 WARN o.s.w.s.PageNotFound [qtp189183471-21] No mapping for GET /%3Cspring:url%20value=%22/api/user%22/%3E
2020-06-02 19:18:48,927 WARN o.s.w.s.PageNotFound [qtp189183471-16] No mapping for GET /%3Cspring:url%20value=%22/api/user%22/%3E
2020-06-02 19:18:49,713 WARN o.s.w.s.PageNotFound [qtp189183471-17] No mapping for GET /favicon.ico
2020-06-03 11:38:50,756 WARN o.s.w.s.PageNotFound [qtp68788847-18] No mapping for GET /favicon.ico
2020-06-03 11:42:13,184 WARN o.s.w.c.s.XmlWebApplicationContext [main] Exception encountered during context initialization - cancelling refresh attempt: org.springframework.beans.factory.BeanCreationException: Error creating bean with name 'org.springframework.jdbc.datasource.init.DataSourceInitializer#0': Invocation of init method failed; nested exception is org.springframework.jdbc.datasource.init.ScriptStatementFailedException: Failed to execute SQL script statement #4 of class path resource [init.sql]: create table store ( id int primary key auto_increment, name varchar(50) not null, store_url varchar(255) not null ); nested exception is java.sql.SQLSyntaxErrorException: Table 'store' already exists
2020-06-03 11:42:13,188 ERROR o.s.w.c.ContextLoader [main] Context initialization failed
org.springframework.beans.factory.BeanCreationException: Error creating bean with name 'org.springframework.jdbc.datasource.init.DataSourceInitializer#0': Invocation of init method failed; nested exception is org.springframework.jdbc.datasource.init.ScriptStatementFailedException: Failed to execute SQL script statement #4 of class path resource [init.sql]: create table store ( id int primary key auto_increment, name varchar(50) not null, store_url varchar(255) not null ); nested exception is java.sql.SQLSyntaxErrorException: Table 'store' already exists
	at org.springframework.beans.factory.support.AbstractAutowireCapableBeanFactory.initializeBean(AbstractAutowireCapableBeanFactory.java:1796) ~[spring-beans-5.2.6.RELEASE.jar:5.2.6.RELEASE]
	at org.springframework.beans.factory.support.AbstractAutowireCapableBeanFactory.doCreateBean(AbstractAutowireCapableBeanFactory.java:595) ~[spring-beans-5.2.6.RELEASE.jar:5.2.6.RELEASE]
	at org.springframework.beans.factory.support.AbstractAutowireCapableBeanFactory.createBean(AbstractAutowireCapableBeanFactory.java:517) ~[spring-beans-5.2.6.RELEASE.jar:5.2.6.RELEASE]
	at org.springframework.beans.factory.support.AbstractBeanFactory.lambda$doGetBean$0(AbstractBeanFactory.java:323) ~[spring-beans-5.2.6.RELEASE.jar:5.2.6.RELEASE]
	at org.springframework.beans.factory.support.DefaultSingletonBeanRegistry.getSingleton(DefaultSingletonBeanRegistry.java:226) ~[spring-beans-5.2.6.RELEASE.jar:5.2.6.RELEASE]
	at org.springframework.beans.factory.support.AbstractBeanFactory.doGetBean(AbstractBeanFactory.java:321) ~[spring-beans-5.2.6.RELEASE.jar:5.2.6.RELEASE]
	at org.springframework.beans.factory.support.AbstractBeanFactory.getBean(AbstractBeanFactory.java:202) ~[spring-beans-5.2.6.RELEASE.jar:5.2.6.RELEASE]
	at org.springframework.beans.factory.support.DefaultListableBeanFactory.preInstantiateSingletons(DefaultListableBeanFactory.java:895) ~[spring-beans-5.2.6.RELEASE.jar:5.2.6.RELEASE]
	at org.springframework.context.support.AbstractApplicationContext.finishBeanFactoryInitialization(AbstractApplicationContext.java:878) ~[spring-context-5.2.6.RELEASE.jar:5.2.6.RELEASE]
	at org.springframework.context.support.AbstractApplicationContext.refresh(AbstractApplicationContext.java:550) ~[spring-context-5.2.6.RELEASE.jar:5.2.6.RELEASE]
	at org.springframework.web.context.ContextLoader.configureAndRefreshWebApplicationContext(ContextLoader.java:401) ~[spring-web-5.2.6.RELEASE.jar:5.2.6.RELEASE]
	at org.springframework.web.context.ContextLoader.initWebApplicationContext(ContextLoader.java:292) [spring-web-5.2.6.RELEASE.jar:5.2.6.RELEASE]
	at org.springframework.web.context.ContextLoaderListener.contextInitialized(ContextLoaderListener.java:103) [spring-web-5.2.6.RELEASE.jar:5.2.6.RELEASE]
	at org.eclipse.jetty.server.handler.ContextHandler.callContextInitialized(ContextHandler.java:930) [jetty-server-9.4.26.v20200117.jar:9.4.26.v20200117]
	at org.eclipse.jetty.servlet.ServletContextHandler.callContextInitialized(ServletContextHandler.java:553) [jetty-servlet-9.4.26.v20200117.jar:9.4.26.v20200117]
	at org.eclipse.jetty.server.handler.ContextHandler.startContext(ContextHandler.java:889) [jetty-server-9.4.26.v20200117.jar:9.4.26.v20200117]
	at org.eclipse.jetty.servlet.ServletContextHandler.startContext(ServletContextHandler.java:356) [jetty-servlet-9.4.26.v20200117.jar:9.4.26.v20200117]
	at org.eclipse.jetty.webapp.WebAppContext.startWebapp(WebAppContext.java:1445) [jetty-webapp-9.4.26.v20200117.jar:9.4.26.v20200117]
	at org.eclipse.jetty.maven.plugin.JettyWebAppContext.startWebapp(JettyWebAppContext.java:328) [jetty-maven-plugin-9.4.26.v20200117.jar:9.4.26.v20200117]
	at org.eclipse.jetty.webapp.WebAppContext.startContext(WebAppContext.java:1409) [jetty-webapp-9.4.26.v20200117.jar:9.4.26.v20200117]
	at org.eclipse.jetty.server.handler.ContextHandler.doStart(ContextHandler.java:822) [jetty-server-9.4.26.v20200117.jar:9.4.26.v20200117]
	at org.eclipse.jetty.servlet.ServletContextHandler.doStart(ServletContextHandler.java:275) [jetty-servlet-9.4.26.v20200117.jar:9.4.26.v20200117]
	at org.eclipse.jetty.webapp.WebAppContext.doStart(WebAppContext.java:524) [jetty-webapp-9.4.26.v20200117.jar:9.4.26.v20200117]
	at org.eclipse.jetty.maven.plugin.JettyWebAppContext.doStart(JettyWebAppContext.java:397) [jetty-maven-plugin-9.4.26.v20200117.jar:9.4.26.v20200117]
	at org.eclipse.jetty.util.component.AbstractLifeCycle.start(AbstractLifeCycle.java:72) [jetty-util-9.4.26.v20200117.jar:9.4.26.v20200117]
	at org.eclipse.jetty.util.component.ContainerLifeCycle.start(ContainerLifeCycle.java:169) [jetty-util-9.4.26.v20200117.jar:9.4.26.v20200117]
	at org.eclipse.jetty.util.component.ContainerLifeCycle.doStart(ContainerLifeCycle.java:117) [jetty-util-9.4.26.v20200117.jar:9.4.26.v20200117]
	at org.eclipse.jetty.server.handler.AbstractHandler.doStart(AbstractHandler.java:97) [jetty-server-9.4.26.v20200117.jar:9.4.26.v20200117]
	at org.eclipse.jetty.util.component.AbstractLifeCycle.start(AbstractLifeCycle.java:72) [jetty-util-9.4.26.v20200117.jar:9.4.26.v20200117]
	at org.eclipse.jetty.util.component.ContainerLifeCycle.start(ContainerLifeCycle.java:169) [jetty-util-9.4.26.v20200117.jar:9.4.26.v20200117]
	at org.eclipse.jetty.util.component.ContainerLifeCycle.doStart(ContainerLifeCycle.java:117) [jetty-util-9.4.26.v20200117.jar:9.4.26.v20200117]
	at org.eclipse.jetty.server.handler.AbstractHandler.doStart(AbstractHandler.java:97) [jetty-server-9.4.26.v20200117.jar:9.4.26.v20200117]
	at org.eclipse.jetty.util.component.AbstractLifeCycle.start(AbstractLifeCycle.java:72) [jetty-util-9.4.26.v20200117.jar:9.4.26.v20200117]
	at org.eclipse.jetty.util.component.ContainerLifeCycle.start(ContainerLifeCycle.java:169) [jetty-util-9.4.26.v20200117.jar:9.4.26.v20200117]
	at org.eclipse.jetty.server.Server.start(Server.java:407) [jetty-server-9.4.26.v20200117.jar:9.4.26.v20200117]
	at org.eclipse.jetty.util.component.ContainerLifeCycle.doStart(ContainerLifeCycle.java:110) [jetty-util-9.4.26.v20200117.jar:9.4.26.v20200117]
	at org.eclipse.jetty.server.handler.AbstractHandler.doStart(AbstractHandler.java:97) [jetty-server-9.4.26.v20200117.jar:9.4.26.v20200117]
	at org.eclipse.jetty.server.Server.doStart(Server.java:371) [jetty-server-9.4.26.v20200117.jar:9.4.26.v20200117]
	at org.eclipse.jetty.util.component.AbstractLifeCycle.start(AbstractLifeCycle.java:72) [jetty-util-9.4.26.v20200117.jar:9.4.26.v20200117]
	at org.eclipse.jetty.maven.plugin.AbstractJettyMojo.startJetty(AbstractJettyMojo.java:450) [jetty-maven-plugin-9.4.26.v20200117.jar:9.4.26.v20200117]
	at org.eclipse.jetty.maven.plugin.AbstractJettyMojo.execute(AbstractJettyMojo.java:311) [jetty-maven-plugin-9.4.26.v20200117.jar:9.4.26.v20200117]
	at org.eclipse.jetty.maven.plugin.JettyRunMojo.execute(JettyRunMojo.java:152) [jetty-maven-plugin-9.4.26.v20200117.jar:9.4.26.v20200117]
	at org.apache.maven.plugin.DefaultBuildPluginManager.executeMojo(DefaultBuildPluginManager.java:137) [maven-core-3.6.3.jar:3.6.3]
	at org.apache.maven.lifecycle.internal.MojoExecutor.execute(MojoExecutor.java:210) [maven-core-3.6.3.jar:3.6.3]
	at org.apache.maven.lifecycle.internal.MojoExecutor.execute(MojoExecutor.java:156) [maven-core-3.6.3.jar:3.6.3]
	at org.apache.maven.lifecycle.internal.MojoExecutor.execute(MojoExecutor.java:148) [maven-core-3.6.3.jar:3.6.3]
	at org.apache.maven.lifecycle.internal.LifecycleModuleBuilder.buildProject(LifecycleModuleBuilder.java:117) [maven-core-3.6.3.jar:3.6.3]
	at org.apache.maven.lifecycle.internal.LifecycleModuleBuilder.buildProject(LifecycleModuleBuilder.java:81) [maven-core-3.6.3.jar:3.6.3]
	at org.apache.maven.lifecycle.internal.builder.singlethreaded.SingleThreadedBuilder.build(SingleThreadedBuilder.java:56) [maven-core-3.6.3.jar:3.6.3]
	at org.apache.maven.lifecycle.internal.LifecycleStarter.execute(LifecycleStarter.java:128) [maven-core-3.6.3.jar:3.6.3]
	at org.apache.maven.DefaultMaven.doExecute(DefaultMaven.java:305) [maven-core-3.6.3.jar:3.6.3]
	at org.apache.maven.DefaultMaven.doExecute(DefaultMaven.java:192) [maven-core-3.6.3.jar:3.6.3]
	at org.apache.maven.DefaultMaven.execute(DefaultMaven.java:105) [maven-core-3.6.3.jar:3.6.3]
	at org.apache.maven.cli.MavenCli.execute(MavenCli.java:957) [maven-embedder-3.6.3.jar:3.6.3]
	at org.apache.maven.cli.MavenCli.doMain(MavenCli.java:289) [maven-embedder-3.6.3.jar:3.6.3]
	at org.apache.maven.cli.MavenCli.main(MavenCli.java:193) [maven-embedder-3.6.3.jar:3.6.3]
	at jdk.internal.reflect.NativeMethodAccessorImpl.invoke0(Native Method) ~[?:?]
	at jdk.internal.reflect.NativeMethodAccessorImpl.invoke(NativeMethodAccessorImpl.java:62) ~[?:?]
	at jdk.internal.reflect.DelegatingMethodAccessorImpl.invoke(DelegatingMethodAccessorImpl.java:43) ~[?:?]
	at java.lang.reflect.Method.invoke(Method.java:564) ~[?:?]
	at org.codehaus.plexus.classworlds.launcher.Launcher.launchEnhanced(Launcher.java:282) [plexus-classworlds-2.6.0.jar:?]
	at org.codehaus.plexus.classworlds.launcher.Launcher.launch(Launcher.java:225) [plexus-classworlds-2.6.0.jar:?]
	at org.codehaus.plexus.classworlds.launcher.Launcher.mainWithExitCode(Launcher.java:406) [plexus-classworlds-2.6.0.jar:?]
	at org.codehaus.plexus.classworlds.launcher.Launcher.main(Launcher.java:347) [plexus-classworlds-2.6.0.jar:?]
	at org.codehaus.classworlds.Launcher.main(Launcher.java:47) [plexus-classworlds-2.6.0.jar:?]
Caused by: org.springframework.jdbc.datasource.init.ScriptStatementFailedException: Failed to execute SQL script statement #4 of class path resource [init.sql]: create table store ( id int primary key auto_increment, name varchar(50) not null, store_url varchar(255) not null ); nested exception is java.sql.SQLSyntaxErrorException: Table 'store' already exists
	at org.springframework.jdbc.datasource.init.ScriptUtils.executeSqlScript(ScriptUtils.java:622) ~[spring-jdbc-5.2.6.RELEASE.jar:5.2.6.RELEASE]
	at org.springframework.jdbc.datasource.init.ResourceDatabasePopulator.populate(ResourceDatabasePopulator.java:254) ~[spring-jdbc-5.2.6.RELEASE.jar:5.2.6.RELEASE]
	at org.springframework.jdbc.datasource.init.CompositeDatabasePopulator.populate(CompositeDatabasePopulator.java:87) ~[spring-jdbc-5.2.6.RELEASE.jar:5.2.6.RELEASE]
	at org.springframework.jdbc.datasource.init.DatabasePopulatorUtils.execute(DatabasePopulatorUtils.java:49) ~[spring-jdbc-5.2.6.RELEASE.jar:5.2.6.RELEASE]
	at org.springframework.jdbc.datasource.init.DataSourceInitializer.execute(DataSourceInitializer.java:111) ~[spring-jdbc-5.2.6.RELEASE.jar:5.2.6.RELEASE]
	at org.springframework.jdbc.datasource.init.DataSourceInitializer.afterPropertiesSet(DataSourceInitializer.java:96) ~[spring-jdbc-5.2.6.RELEASE.jar:5.2.6.RELEASE]
	at org.springframework.beans.factory.support.AbstractAutowireCapableBeanFactory.invokeInitMethods(AbstractAutowireCapableBeanFactory.java:1855) ~[spring-beans-5.2.6.RELEASE.jar:5.2.6.RELEASE]
	at org.springframework.beans.factory.support.AbstractAutowireCapableBeanFactory.initializeBean(AbstractAutowireCapableBeanFactory.java:1792) ~[spring-beans-5.2.6.RELEASE.jar:5.2.6.RELEASE]
	... 64 more
Caused by: java.sql.SQLSyntaxErrorException: Table 'store' already exists
	at com.mysql.cj.jdbc.exceptions.SQLError.createSQLException(SQLError.java:120) ~[mysql-connector-java-8.0.19.jar:8.0.19]
	at com.mysql.cj.jdbc.exceptions.SQLError.createSQLException(SQLError.java:97) ~[mysql-connector-java-8.0.19.jar:8.0.19]
	at com.mysql.cj.jdbc.exceptions.SQLExceptionsMapping.translateException(SQLExceptionsMapping.java:122) ~[mysql-connector-java-8.0.19.jar:8.0.19]
	at com.mysql.cj.jdbc.StatementImpl.executeInternal(StatementImpl.java:764) ~[mysql-connector-java-8.0.19.jar:8.0.19]
	at com.mysql.cj.jdbc.StatementImpl.execute(StatementImpl.java:648) ~[mysql-connector-java-8.0.19.jar:8.0.19]
	at org.springframework.jdbc.datasource.init.ScriptUtils.executeSqlScript(ScriptUtils.java:601) ~[spring-jdbc-5.2.6.RELEASE.jar:5.2.6.RELEASE]
	at org.springframework.jdbc.datasource.init.ResourceDatabasePopulator.populate(ResourceDatabasePopulator.java:254) ~[spring-jdbc-5.2.6.RELEASE.jar:5.2.6.RELEASE]
	at org.springframework.jdbc.datasource.init.CompositeDatabasePopulator.populate(CompositeDatabasePopulator.java:87) ~[spring-jdbc-5.2.6.RELEASE.jar:5.2.6.RELEASE]
	at org.springframework.jdbc.datasource.init.DatabasePopulatorUtils.execute(DatabasePopulatorUtils.java:49) ~[spring-jdbc-5.2.6.RELEASE.jar:5.2.6.RELEASE]
	at org.springframework.jdbc.datasource.init.DataSourceInitializer.execute(DataSourceInitializer.java:111) ~[spring-jdbc-5.2.6.RELEASE.jar:5.2.6.RELEASE]
	at org.springframework.jdbc.datasource.init.DataSourceInitializer.afterPropertiesSet(DataSourceInitializer.java:96) ~[spring-jdbc-5.2.6.RELEASE.jar:5.2.6.RELEASE]
	at org.springframework.beans.factory.support.AbstractAutowireCapableBeanFactory.invokeInitMethods(AbstractAutowireCapableBeanFactory.java:1855) ~[spring-beans-5.2.6.RELEASE.jar:5.2.6.RELEASE]
	at org.springframework.beans.factory.support.AbstractAutowireCapableBeanFactory.initializeBean(AbstractAutowireCapableBeanFactory.java:1792) ~[spring-beans-5.2.6.RELEASE.jar:5.2.6.RELEASE]
	... 64 more
2020-06-03 12:59:44,714 WARN o.s.w.s.PageNotFound [qtp2131663948-22] No mapping for GET /favicon.ico
2020-06-03 14:53:25,648 WARN o.s.w.s.PageNotFound [qtp848064357-19] No mapping for GET /favicon.ico
2020-06-03 15:30:10,547 WARN o.s.w.s.PageNotFound [qtp601749733-49] No mapping for GET /product/
